Build started 07/06/2015 8:02:17 PM.
     1>Project "Q:\visualstudio2013\Projects\CppReview1\CppReview1\CppReview1.vcxproj" on node 2 (Build target(s)).
     1>ClCompile:
         Q:\Program_Files\VS13\VC\bin\CL.exe /c /ZI /nologo /W3 /WX- /sdl /Od /Oy- /D _MBCS /Gm /EHsc /RTC1 /MDd /GS /fp:precise /Zc:wchar_t /Zc:forScope /Fo"Debug\\" /Fd"Debug\vc120.pdb" /Gd /TP /analyze- /errorReport:prompt Car.cpp Plane.cpp Vehicle.cpp main.cpp
         main.cpp
         Vehicle.cpp
         Plane.cpp
         Car.cpp
     1>q:\visualstudio2013\projects\cppreview1\cppreview1\car.cpp(8): warning C4244: '=' : conversion from 'float' to 'int', possible loss of data
         Generating Code...
       Link:
         Q:\Program_Files\VS13\VC\bin\link.exe /ERRORREPORT:PROMPT /OUT:"Q:\visualstudio2013\Projects\CppReview1\Debug\CppReview1.exe" /INCREMENTAL /NOLOGO kernel32.lib user32.lib gdi32.lib winspool.lib comdlg32.lib advapi32.lib shell32.lib ole32.lib oleaut32.lib uuid.lib odbc32.lib odbccp32.lib /MANIFEST /MANIFESTUAC:"level='asInvoker' uiAccess='false'" /manifest:embed /DEBUG /PDB:"Q:\visualstudio2013\Projects\CppReview1\Debug\CppReview1.pdb" /TLBID:1 /DYNAMICBASE /NXCOMPAT /IMPLIB:"Q:\visualstudio2013\Projects\CppReview1\Debug\CppReview1.lib" /MACHINE:X86 Debug\Car.obj
         Debug\Driver.obj
         Debug\main.obj
         Debug\Operator.obj
         Debug\Pilot.obj
         Debug\Plane.obj
         Debug\RaceManager.obj
         Debug\Vehicle.obj
         CppReview1.vcxproj -> Q:\visualstudio2013\Projects\CppReview1\Debug\CppReview1.exe
     1>Done Building Project "Q:\visualstudio2013\Projects\CppReview1\CppReview1\CppReview1.vcxproj" (Build target(s)).

Build succeeded.

Time Elapsed 00:00:02.10
